<?xml version="1.0" encoding="UTF-8"?>
<testsuite name="PlaneSeatsTest" tests="1" skipped="0" failures="0" errors="0" timestamp="2024-05-23T14:42:00" hostname="ASUSNEW" time="0.015">
  <properties/>
  <testcase name="test()" classname="PlaneSeatsTest" time="0.015"/>
  <system-out><![CDATA[]]></system-out>
  <system-err><![CDATA[]]></system-err>
</testsuite>
